mode: set
github.com/iye/iye/cmd/iye/main.go:33.13,47.17 8 0
github.com/iye/iye/cmd/iye/main.go:47.17,53.3 5 0
github.com/iye/iye/cmd/iye/main.go:55.2,56.16 2 0
github.com/iye/iye/cmd/iye/main.go:56.16,59.3 2 0
github.com/iye/iye/cmd/iye/main.go:60.2,68.16 4 0
github.com/iye/iye/cmd/iye/main.go:68.16,70.3 1 0
github.com/iye/iye/cmd/iye/main.go:72.2,72.20 1 0
github.com/iye/iye/cmd/iye/main.go:72.20,74.3 1 0
github.com/iye/iye/cmd/iye/main.go:75.2,84.16 6 0
github.com/iye/iye/cmd/iye/main.go:84.16,86.3 1 0
github.com/iye/iye/cmd/iye/main.go:88.2,89.16 2 0
github.com/iye/iye/cmd/iye/main.go:89.16,91.3 1 0
github.com/iye/iye/cmd/iye/main.go:93.2,95.29 2 0
github.com/iye/iye/cmd/iye/main.go:95.29,97.3 1 0
github.com/iye/iye/cmd/iye/main.go:99.2,100.24 2 0
github.com/iye/iye/cmd/iye/main.go:100.24,102.17 2 0
github.com/iye/iye/cmd/iye/main.go:102.17,104.4 1 0
github.com/iye/iye/cmd/iye/main.go:108.2,109.27 2 0
github.com/iye/iye/cmd/iye/main.go:109.27,110.17 1 0
github.com/iye/iye/cmd/iye/main.go:110.17,112.4 1 0
github.com/iye/iye/cmd/iye/main.go:113.3,114.30 2 0
github.com/iye/iye/cmd/iye/main.go:114.30,116.4 1 0
github.com/iye/iye/cmd/iye/main.go:117.3,118.17 2 0
github.com/iye/iye/cmd/iye/main.go:118.17,120.4 1 0
github.com/iye/iye/cmd/iye/main.go:123.2,124.16 2 0
github.com/iye/iye/cmd/iye/main.go:124.16,126.3 1 0
github.com/iye/iye/cmd/iye/main.go:128.2,128.34 1 0
github.com/iye/iye/cmd/iye/main.go:128.34,130.3 1 0
github.com/iye/iye/cmd/iye/main.go:132.2,136.12 4 0
github.com/iye/iye/cmd/iye/main.go:136.12,139.10 3 0
github.com/iye/iye/cmd/iye/main.go:140.16,142.12 2 0
github.com/iye/iye/cmd/iye/main.go:143.21,143.21 0 0
github.com/iye/iye/cmd/iye/main.go:148.2,149.12 2 0
github.com/iye/iye/cmd/iye/main.go:149.12,154.75 5 0
github.com/iye/iye/cmd/iye/main.go:154.75,157.4 2 0
github.com/iye/iye/cmd/iye/main.go:158.3,158.74 1 0
github.com/iye/iye/cmd/iye/main.go:158.74,161.4 2 0
github.com/iye/iye/cmd/iye/main.go:163.3,168.13 2 0
github.com/iye/iye/cmd/iye/main.go:168.13,170.78 2 0
github.com/iye/iye/cmd/iye/main.go:170.78,172.5 1 0
github.com/iye/iye/cmd/iye/main.go:175.3,178.28 4 0
github.com/iye/iye/cmd/iye/main.go:182.2,182.15 1 0
github.com/iye/iye/cmd/iye/main.go:182.15,184.3 1 0
github.com/iye/iye/cmd/iye/main.go:187.2,188.12 2 0
github.com/iye/iye/cmd/iye/main.go:188.12,193.7 4 0
github.com/iye/iye/cmd/iye/main.go:193.7,194.11 1 0
github.com/iye/iye/cmd/iye/main.go:195.22,196.11 1 0
github.com/iye/iye/cmd/iye/main.go:197.30,199.29 2 0
github.com/iye/iye/cmd/iye/main.go:199.29,204.6 1 0
github.com/iye/iye/cmd/iye/main.go:205.29,206.49 1 0
github.com/iye/iye/cmd/iye/main.go:211.2,217.15 4 0
github.com/iye/iye/cmd/iye/main.go:217.15,219.3 1 0
github.com/iye/iye/cmd/iye/main.go:220.2,220.16 1 0
github.com/iye/iye/cmd/iye/main.go:220.16,222.3 1 0
github.com/iye/iye/cmd/iye/main.go:224.2,225.40 2 0
github.com/iye/iye/cmd/iye/main.go:228.57,229.30 1 0
github.com/iye/iye/cmd/iye/main.go:229.30,235.3 1 0
github.com/iye/iye/cmd/iye/main.go:238.68,247.2 8 0
github.com/iye/iye/cmd/iye/main.go:249.214,252.14 2 0
github.com/iye/iye/cmd/iye/main.go:252.14,254.24 2 0
github.com/iye/iye/cmd/iye/main.go:254.24,256.4 1 0
github.com/iye/iye/cmd/iye/main.go:260.2,260.29 1 0
github.com/iye/iye/cmd/iye/main.go:260.29,262.3 1 0
github.com/iye/iye/cmd/iye/main.go:265.2,266.31 2 0
github.com/iye/iye/cmd/iye/main.go:266.31,269.3 2 0
github.com/iye/iye/cmd/iye/main.go:269.8,271.3 1 0
github.com/iye/iye/cmd/iye/main.go:273.2,273.19 1 0
github.com/iye/iye/cmd/iye/main.go:273.19,274.30 1 0
github.com/iye/iye/cmd/iye/main.go:274.30,276.4 1 0
github.com/iye/iye/cmd/iye/main.go:277.3,277.13 1 0
github.com/iye/iye/cmd/iye/main.go:281.2,281.16 1 0
github.com/iye/iye/cmd/iye/main.go:281.16,290.42 2 0
github.com/iye/iye/cmd/iye/main.go:290.42,292.4 1 0
github.com/iye/iye/cmd/iye/main.go:292.9,292.37 1 0
github.com/iye/iye/cmd/iye/main.go:292.37,294.18 2 0
github.com/iye/iye/cmd/iye/main.go:294.18,296.5 1 0
github.com/iye/iye/cmd/iye/main.go:300.2,301.19 2 0
github.com/iye/iye/cmd/iye/main.go:304.48,305.15 1 0
github.com/iye/iye/cmd/iye/main.go:306.15,307.28 1 0
github.com/iye/iye/cmd/iye/main.go:308.14,309.27 1 0
github.com/iye/iye/cmd/iye/main.go:310.25,311.27 1 0
github.com/iye/iye/cmd/iye/main.go:312.15,313.28 1 0
github.com/iye/iye/cmd/iye/main.go:314.10,315.27 1 0
github.com/iye/iye/internal/config/config.go:11.48,13.16 2 1
github.com/iye/iye/internal/config/config.go:13.16,14.25 1 1
github.com/iye/iye/internal/config/config.go:14.25,16.4 1 1
github.com/iye/iye/internal/config/config.go:17.3,17.18 1 0
github.com/iye/iye/internal/config/config.go:20.2,21.53 2 1
github.com/iye/iye/internal/config/config.go:21.53,23.3 1 1
github.com/iye/iye/internal/config/config.go:25.2,25.42 1 1
github.com/iye/iye/internal/config/config.go:25.42,27.3 1 0
github.com/iye/iye/internal/config/config.go:29.2,29.20 1 1
github.com/iye/iye/internal/config/config.go:32.61,33.29 1 1
github.com/iye/iye/internal/config/config.go:33.29,34.17 1 1
github.com/iye/iye/internal/config/config.go:34.17,35.12 1 0
github.com/iye/iye/internal/config/config.go:37.3,37.42 1 1
github.com/iye/iye/internal/config/config.go:37.42,39.4 1 1
github.com/iye/iye/internal/config/config.go:42.2,50.36 2 1
github.com/iye/iye/internal/config/config.go:50.36,51.42 1 1
github.com/iye/iye/internal/config/config.go:51.42,53.4 1 0
github.com/iye/iye/internal/config/config.go:56.2,57.39 2 1
github.com/iye/iye/internal/config/config.go:57.39,59.3 1 0
github.com/iye/iye/internal/config/config.go:61.2,61.17 1 1
github.com/iye/iye/internal/config/config.go:64.53,66.16 2 1
github.com/iye/iye/internal/config/config.go:66.16,68.3 1 0
github.com/iye/iye/internal/config/config.go:70.2,71.47 2 1
github.com/iye/iye/internal/config/config.go:71.47,73.3 1 0
github.com/iye/iye/internal/config/config.go:75.2,75.39 1 1
github.com/iye/iye/internal/masker/masker.go:126.82,134.21 2 1
github.com/iye/iye/internal/masker/masker.go:134.21,137.3 2 1
github.com/iye/iye/internal/masker/masker.go:139.2,141.48 2 1
github.com/iye/iye/internal/masker/masker.go:141.48,143.17 2 1
github.com/iye/iye/internal/masker/masker.go:143.17,145.12 2 0
github.com/iye/iye/internal/masker/masker.go:147.3,152.5 2 1
github.com/iye/iye/internal/masker/masker.go:155.2,161.15 2 1
github.com/iye/iye/internal/masker/masker.go:164.61,165.17 1 1
github.com/iye/iye/internal/masker/masker.go:165.17,167.3 1 0
github.com/iye/iye/internal/masker/masker.go:168.2,168.38 1 1
github.com/iye/iye/internal/masker/masker.go:168.38,170.3 1 0
github.com/iye/iye/internal/masker/masker.go:172.2,177.31 5 1
github.com/iye/iye/internal/masker/masker.go:177.31,178.35 1 1
github.com/iye/iye/internal/masker/masker.go:178.35,180.29 2 1
github.com/iye/iye/internal/masker/masker.go:180.29,185.5 4 1
github.com/iye/iye/internal/masker/masker.go:188.2,190.12 2 1
github.com/iye/iye/internal/masker/masker.go:190.12,195.61 4 1
github.com/iye/iye/internal/masker/masker.go:195.61,197.4 1 0
github.com/iye/iye/internal/masker/masker.go:200.2,200.13 1 1
github.com/iye/iye/internal/masker/masker.go:203.60,204.23 1 1
github.com/iye/iye/internal/masker/masker.go:204.23,206.3 1 1
github.com/iye/iye/internal/masker/masker.go:208.2,212.31 4 1
github.com/iye/iye/internal/masker/masker.go:212.31,213.35 1 1
github.com/iye/iye/internal/masker/masker.go:213.35,215.29 2 1
github.com/iye/iye/internal/masker/masker.go:215.29,220.5 4 1
github.com/iye/iye/internal/masker/masker.go:223.2,225.70 2 1
github.com/iye/iye/internal/masker/masker.go:225.70,227.3 1 1
github.com/iye/iye/internal/masker/masker.go:229.2,229.24 1 1
github.com/iye/iye/internal/masker/masker.go:232.71,233.23 1 1
github.com/iye/iye/internal/masker/masker.go:233.23,235.3 1 0
github.com/iye/iye/internal/masker/masker.go:237.2,237.29 1 1
github.com/iye/iye/internal/masker/masker.go:237.29,239.3 1 1
github.com/iye/iye/internal/masker/masker.go:240.2,240.14 1 1
github.com/iye/iye/internal/masker/masker.go:243.68,244.31 1 1
github.com/iye/iye/internal/masker/masker.go:244.31,246.3 1 0
github.com/iye/iye/internal/masker/masker.go:247.2,247.62 1 1
github.com/iye/iye/internal/masker/masker.go:250.38,252.2 1 1
github.com/iye/iye/internal/masker/masker.go:254.70,256.16 2 1
github.com/iye/iye/internal/masker/masker.go:256.16,258.3 1 0
github.com/iye/iye/internal/masker/masker.go:260.2,270.12 5 1
github.com/iye/iye/internal/masker/masker.go:273.50,277.31 3 1
github.com/iye/iye/internal/masker/masker.go:277.31,278.21 1 1
github.com/iye/iye/internal/masker/masker.go:278.21,282.4 3 1
github.com/iye/iye/internal/masker/masker.go:284.2,284.14 1 1
github.com/iye/iye/internal/masker/masker.go:287.41,292.31 4 1
github.com/iye/iye/internal/masker/masker.go:292.31,294.3 1 1
github.com/iye/iye/internal/masker/masker.go:295.2,295.14 1 1
github.com/iye/iye/internal/metrics/collector.go:145.103,146.21 1 1
github.com/iye/iye/internal/metrics/collector.go:146.21,155.3 2 0
github.com/iye/iye/internal/metrics/collector.go:157.2,183.15 8 1
github.com/iye/iye/internal/metrics/collector.go:186.61,187.42 1 0
github.com/iye/iye/internal/metrics/collector.go:187.42,189.3 1 0
github.com/iye/iye/internal/metrics/collector.go:191.2,191.12 1 0
github.com/iye/iye/internal/metrics/collector.go:191.12,193.82 2 0
github.com/iye/iye/internal/metrics/collector.go:193.82,196.4 2 0
github.com/iye/iye/internal/metrics/collector.go:199.2,199.12 1 0
github.com/iye/iye/internal/metrics/collector.go:199.12,202.3 2 0
github.com/iye/iye/internal/metrics/collector.go:204.2,204.12 1 0
github.com/iye/iye/internal/metrics/collector.go:207.41,208.21 1 1
github.com/iye/iye/internal/metrics/collector.go:208.21,210.3 1 0
github.com/iye/iye/internal/metrics/collector.go:212.2,216.31 4 1
github.com/iye/iye/internal/metrics/collector.go:219.62,221.15 2 1
github.com/iye/iye/internal/metrics/collector.go:221.15,223.3 1 1
github.com/iye/iye/internal/metrics/collector.go:225.2,225.17 1 1
github.com/iye/iye/internal/metrics/collector.go:225.17,227.3 1 0
github.com/iye/iye/internal/metrics/collector.go:229.2,230.18 2 1
github.com/iye/iye/internal/metrics/collector.go:230.18,232.3 1 0
github.com/iye/iye/internal/metrics/collector.go:234.2,235.24 2 1
github.com/iye/iye/internal/metrics/collector.go:235.24,237.3 1 0
github.com/iye/iye/internal/metrics/collector.go:239.2,244.17 5 1
github.com/iye/iye/internal/metrics/collector.go:244.17,247.3 2 1
github.com/iye/iye/internal/metrics/collector.go:249.2,249.18 1 1
github.com/iye/iye/internal/metrics/collector.go:249.18,251.30 2 1
github.com/iye/iye/internal/metrics/collector.go:251.30,253.4 1 0
github.com/iye/iye/internal/metrics/collector.go:254.3,255.24 2 1
github.com/iye/iye/internal/metrics/collector.go:258.2,258.29 1 1
github.com/iye/iye/internal/metrics/collector.go:261.65,264.9 2 1
github.com/iye/iye/internal/metrics/collector.go:265.90,266.17 1 1
github.com/iye/iye/internal/metrics/collector.go:267.136,268.17 1 1
github.com/iye/iye/internal/metrics/collector.go:269.91,270.16 1 1
github.com/iye/iye/internal/metrics/collector.go:271.47,272.17 1 1
github.com/iye/iye/internal/metrics/collector.go:273.46,274.16 1 1
github.com/iye/iye/internal/metrics/collector.go:275.10,276.16 1 1
github.com/iye/iye/internal/metrics/collector.go:280.70,283.37 3 1
github.com/iye/iye/internal/metrics/collector.go:283.37,285.3 1 1
github.com/iye/iye/internal/metrics/collector.go:286.2,289.18 3 1
github.com/iye/iye/internal/metrics/collector.go:289.18,291.3 1 0
github.com/iye/iye/internal/metrics/collector.go:293.2,293.29 1 1
github.com/iye/iye/internal/metrics/collector.go:293.29,294.40 1 1
github.com/iye/iye/internal/metrics/collector.go:294.40,296.24 2 1
github.com/iye/iye/internal/metrics/collector.go:296.24,298.5 1 1
github.com/iye/iye/internal/metrics/collector.go:298.10,300.5 1 0
github.com/iye/iye/internal/metrics/collector.go:305.73,307.16 2 1
github.com/iye/iye/internal/metrics/collector.go:307.16,309.3 1 0
github.com/iye/iye/internal/metrics/collector.go:311.2,329.12 6 1
github.com/iye/iye/internal/metrics/collector.go:332.66,336.49 3 1
github.com/iye/iye/internal/metrics/collector.go:336.49,340.3 3 1
github.com/iye/iye/internal/metrics/collector.go:341.2,341.14 1 1
github.com/iye/iye/internal/metrics/collector.go:344.85,348.2 3 1
github.com/iye/iye/internal/metrics/collector.go:350.73,352.2 1 1
github.com/iye/iye/internal/metrics/collector.go:354.81,356.2 1 1
github.com/iye/iye/internal/metrics/collector.go:358.78,360.2 1 1
github.com/iye/iye/internal/metrics/collector.go:363.52,366.2 2 1
github.com/iye/iye/internal/metrics/collector.go:368.62,372.2 3 1
github.com/iye/iye/internal/metrics/collector.go:374.77,380.17 5 1
github.com/iye/iye/internal/metrics/collector.go:380.17,382.3 1 1
github.com/iye/iye/internal/metrics/collector.go:383.2,383.54 1 1
github.com/iye/iye/internal/metrics/collector.go:386.51,396.2 1 1
github.com/iye/iye/internal/metrics/collector.go:398.82,401.2 2 1
github.com/iye/iye/internal/metrics/collector.go:403.81,404.21 1 1
github.com/iye/iye/internal/metrics/collector.go:404.21,408.3 3 0
github.com/iye/iye/internal/metrics/collector.go:409.2,410.26 2 1
github.com/iye/iye/internal/metrics/collector.go:413.45,416.2 2 1
github.com/iye/iye/internal/metrics/collector.go:418.79,421.9 2 1
github.com/iye/iye/internal/metrics/collector.go:422.47,423.30 1 1
github.com/iye/iye/internal/metrics/collector.go:424.47,425.30 1 1
github.com/iye/iye/internal/metrics/collector.go:426.94,427.30 1 1
github.com/iye/iye/internal/metrics/collector.go:428.91,429.29 1 1
github.com/iye/iye/internal/metrics/collector.go:430.47,431.30 1 1
github.com/iye/iye/internal/metrics/collector.go:432.10,433.29 1 1
github.com/iye/iye/internal/metrics/collector.go:437.76,442.32 4 1
github.com/iye/iye/internal/metrics/collector.go:442.32,443.22 1 1
github.com/iye/iye/internal/metrics/collector.go:443.22,445.37 2 1
github.com/iye/iye/internal/metrics/collector.go:445.37,447.5 1 1
github.com/iye/iye/internal/metrics/collector.go:451.2,451.15 1 1
github.com/iye/iye/internal/metrics/collector.go:454.86,459.32 4 1
github.com/iye/iye/internal/metrics/collector.go:459.32,460.22 1 1
github.com/iye/iye/internal/metrics/collector.go:460.22,462.64 2 1
github.com/iye/iye/internal/metrics/collector.go:462.64,464.5 1 1
github.com/iye/iye/internal/metrics/collector.go:468.2,468.16 1 1
github.com/iye/iye/pkg/models/config.go:32.40,33.11 1 0
github.com/iye/iye/pkg/models/config.go:34.21,35.17 1 0
github.com/iye/iye/pkg/models/config.go:36.20,37.16 1 0
github.com/iye/iye/pkg/models/config.go:38.20,39.16 1 0
github.com/iye/iye/pkg/models/config.go:40.21,41.17 1 0
github.com/iye/iye/pkg/models/config.go:42.21,43.17 1 0
github.com/iye/iye/pkg/models/config.go:44.21,45.17 1 0
github.com/iye/iye/pkg/models/config.go:46.10,47.19 1 0
github.com/iye/iye/pkg/models/config.go:124.30,171.2 1 1
github.com/iye/iye/pkg/models/config.go:173.35,174.44 1 1
github.com/iye/iye/pkg/models/config.go:174.44,176.3 1 0
github.com/iye/iye/pkg/models/config.go:177.2,177.45 1 1
github.com/iye/iye/pkg/models/config.go:177.45,179.3 1 0
github.com/iye/iye/pkg/models/config.go:180.2,180.24 1 1
github.com/iye/iye/pkg/models/config.go:180.24,181.47 1 1
github.com/iye/iye/pkg/models/config.go:181.47,183.4 1 1
github.com/iye/iye/pkg/models/config.go:185.2,185.22 1 1
github.com/iye/iye/pkg/models/config.go:185.22,186.45 1 1
github.com/iye/iye/pkg/models/config.go:186.45,188.4 1 1
github.com/iye/iye/pkg/models/config.go:190.2,190.25 1 1
github.com/iye/iye/pkg/models/config.go:190.25,191.48 1 1
github.com/iye/iye/pkg/models/config.go:191.48,193.4 1 1
github.com/iye/iye/pkg/models/config.go:195.2,195.22 1 1
github.com/iye/iye/pkg/models/config.go:195.22,196.21 1 1
github.com/iye/iye/pkg/models/config.go:197.52,197.52 0 1
github.com/iye/iye/pkg/models/config.go:198.11,199.58 1 1
github.com/iye/iye/pkg/models/config.go:202.2,202.12 1 1
github.com/iye/iye/pkg/models/config.go:205.41,206.23 1 1
github.com/iye/iye/pkg/models/config.go:206.23,208.3 1 1
github.com/iye/iye/pkg/models/config.go:209.2,209.25 1 1
github.com/iye/iye/pkg/models/config.go:209.25,211.3 1 1
github.com/iye/iye/pkg/models/config.go:212.2,212.24 1 1
github.com/iye/iye/pkg/models/config.go:212.24,214.3 1 1
github.com/iye/iye/pkg/models/config.go:215.2,215.27 1 1
github.com/iye/iye/pkg/models/config.go:215.27,217.3 1 1
github.com/iye/iye/pkg/models/config.go:218.2,218.12 1 1
github.com/iye/iye/pkg/models/config.go:221.43,222.50 1 1
github.com/iye/iye/pkg/models/config.go:222.50,224.3 1 1
github.com/iye/iye/pkg/models/config.go:225.2,225.23 1 1
github.com/iye/iye/pkg/models/config.go:225.23,227.3 1 1
github.com/iye/iye/pkg/models/config.go:228.2,228.27 1 1
github.com/iye/iye/pkg/models/config.go:228.27,230.3 1 0
github.com/iye/iye/pkg/models/config.go:231.2,231.48 1 1
github.com/iye/iye/pkg/models/config.go:231.48,233.3 1 1
github.com/iye/iye/pkg/models/config.go:234.2,234.48 1 1
github.com/iye/iye/pkg/models/config.go:234.48,236.3 1 0
github.com/iye/iye/pkg/models/config.go:237.2,237.39 1 1
github.com/iye/iye/pkg/models/config.go:237.39,239.3 1 1
github.com/iye/iye/pkg/models/config.go:240.2,240.12 1 1
github.com/iye/iye/pkg/models/config.go:243.42,244.27 1 1
github.com/iye/iye/pkg/models/config.go:244.27,246.3 1 0
github.com/iye/iye/pkg/models/config.go:247.2,247.25 1 1
github.com/iye/iye/pkg/models/config.go:247.25,249.3 1 0
github.com/iye/iye/pkg/models/config.go:250.2,250.27 1 1
github.com/iye/iye/pkg/models/config.go:250.27,252.3 1 0
github.com/iye/iye/pkg/models/config.go:253.2,253.12 1 1
github.com/iye/iye/pkg/models/config.go:256.41,257.18 1 1
github.com/iye/iye/pkg/models/config.go:257.18,259.3 1 1
github.com/iye/iye/pkg/models/config.go:260.2,260.25 1 1
github.com/iye/iye/pkg/models/config.go:260.25,262.3 1 1
github.com/iye/iye/pkg/models/config.go:263.2,263.12 1 1
github.com/iye/iye/pkg/models/config.go:266.44,267.22 1 1
github.com/iye/iye/pkg/models/config.go:267.22,269.3 1 1
github.com/iye/iye/pkg/models/config.go:270.2,270.16 1 1
github.com/iye/iye/pkg/models/config.go:271.23,271.23 0 1
github.com/iye/iye/pkg/models/config.go:272.10,273.62 1 1
github.com/iye/iye/pkg/models/config.go:275.2,275.23 1 1
github.com/iye/iye/pkg/models/config.go:276.34,276.34 0 1
github.com/iye/iye/pkg/models/config.go:277.10,278.66 1 1
github.com/iye/iye/pkg/models/config.go:280.2,280.22 1 1
github.com/iye/iye/pkg/models/config.go:280.22,282.3 1 1
github.com/iye/iye/pkg/models/config.go:283.2,283.25 1 1
github.com/iye/iye/pkg/models/config.go:283.25,285.3 1 0
github.com/iye/iye/pkg/models/config.go:286.2,286.47 1 1
github.com/iye/iye/pkg/models/config.go:286.47,287.48 1 1
github.com/iye/iye/pkg/models/config.go:287.48,289.4 1 1
github.com/iye/iye/pkg/models/config.go:291.2,291.12 1 1
github.com/iye/iye/internal/buffer/buffer.go:34.90,40.29 5 1
github.com/iye/iye/internal/buffer/buffer.go:40.29,42.33 2 1
github.com/iye/iye/internal/buffer/buffer.go:42.33,44.4 1 1
github.com/iye/iye/internal/buffer/buffer.go:47.2,48.16 2 1
github.com/iye/iye/internal/buffer/buffer.go:48.16,50.3 1 0
github.com/iye/iye/internal/buffer/buffer.go:52.2,53.16 2 1
github.com/iye/iye/internal/buffer/buffer.go:53.16,56.3 2 0
github.com/iye/iye/internal/buffer/buffer.go:58.2,70.15 3 1
github.com/iye/iye/internal/buffer/buffer.go:73.57,75.16 2 1
github.com/iye/iye/internal/buffer/buffer.go:75.16,77.3 1 0
github.com/iye/iye/internal/buffer/buffer.go:79.2,90.16 4 1
github.com/iye/iye/internal/buffer/buffer.go:90.16,92.3 1 0
github.com/iye/iye/internal/buffer/buffer.go:94.2,95.49 2 1
github.com/iye/iye/internal/buffer/buffer.go:95.49,97.3 1 1
github.com/iye/iye/internal/buffer/buffer.go:100.66,101.12 1 1
github.com/iye/iye/internal/buffer/buffer.go:101.12,103.3 1 1
github.com/iye/iye/internal/buffer/buffer.go:105.2,106.47 2 1
github.com/iye/iye/internal/buffer/buffer.go:106.47,115.62 4 1
github.com/iye/iye/internal/buffer/buffer.go:115.62,118.18 3 1
github.com/iye/iye/internal/buffer/buffer.go:118.18,120.5 1 0
github.com/iye/iye/internal/buffer/buffer.go:121.4,122.51 2 1
github.com/iye/iye/internal/buffer/buffer.go:122.51,124.5 1 0
github.com/iye/iye/internal/buffer/buffer.go:125.4,131.6 1 1
github.com/iye/iye/internal/buffer/buffer.go:133.3,133.13 1 1
github.com/iye/iye/internal/buffer/buffer.go:136.2,136.21 1 1
github.com/iye/iye/internal/buffer/buffer.go:139.42,140.12 1 1
github.com/iye/iye/internal/buffer/buffer.go:140.12,142.3 1 1
github.com/iye/iye/internal/buffer/buffer.go:144.2,144.49 1 1
github.com/iye/iye/internal/buffer/buffer.go:144.49,152.55 4 1
github.com/iye/iye/internal/buffer/buffer.go:152.55,153.61 1 1
github.com/iye/iye/internal/buffer/buffer.go:153.61,155.5 1 0
github.com/iye/iye/internal/buffer/buffer.go:156.4,156.11 1 1
github.com/iye/iye/internal/buffer/buffer.go:158.3,158.13 1 1
github.com/iye/iye/internal/buffer/buffer.go:162.43,164.47 2 1
github.com/iye/iye/internal/buffer/buffer.go:164.47,170.42 3 1
github.com/iye/iye/internal/buffer/buffer.go:170.42,172.4 1 1
github.com/iye/iye/internal/buffer/buffer.go:173.3,173.13 1 1
github.com/iye/iye/internal/buffer/buffer.go:175.2,175.19 1 1
github.com/iye/iye/internal/buffer/buffer.go:178.44,181.2 2 1
github.com/iye/iye/internal/buffer/buffer.go:183.36,186.2 2 1
github.com/iye/iye/internal/buffer/buffer.go:188.38,190.2 1 1
github.com/iye/iye/internal/buffer/buffer.go:192.33,197.2 4 1
github.com/iye/iye/internal/sampling/controller.go:47.68,51.2 3 0
github.com/iye/iye/internal/sampling/controller.go:62.99,63.21 1 1
github.com/iye/iye/internal/sampling/controller.go:63.21,71.3 2 1
github.com/iye/iye/internal/sampling/controller.go:73.2,91.10 3 1
github.com/iye/iye/internal/sampling/controller.go:94.95,95.23 1 1
github.com/iye/iye/internal/sampling/controller.go:95.23,97.3 1 1
github.com/iye/iye/internal/sampling/controller.go:99.2,112.15 6 1
github.com/iye/iye/internal/sampling/controller.go:113.72,114.27 1 1
github.com/iye/iye/internal/sampling/controller.go:115.27,116.29 1 1
github.com/iye/iye/internal/sampling/controller.go:119.2,120.26 2 1
github.com/iye/iye/internal/sampling/controller.go:123.49,126.56 2 1
github.com/iye/iye/internal/sampling/controller.go:126.56,127.70 1 1
github.com/iye/iye/internal/sampling/controller.go:127.70,129.4 1 1
github.com/iye/iye/internal/sampling/controller.go:133.53,136.81 2 1
github.com/iye/iye/internal/sampling/controller.go:136.81,145.3 6 1
github.com/iye/iye/internal/sampling/controller.go:147.2,150.56 3 1
github.com/iye/iye/internal/sampling/controller.go:150.56,151.39 1 1
github.com/iye/iye/internal/sampling/controller.go:151.39,152.112 1 1
github.com/iye/iye/internal/sampling/controller.go:152.112,154.5 1 1
github.com/iye/iye/internal/sampling/controller.go:158.2,159.20 2 1
github.com/iye/iye/internal/sampling/controller.go:159.20,161.3 1 1
github.com/iye/iye/internal/sampling/controller.go:163.2,163.17 1 1
github.com/iye/iye/internal/sampling/controller.go:163.17,165.62 1 1
github.com/iye/iye/internal/sampling/controller.go:165.62,172.4 3 1
github.com/iye/iye/internal/sampling/controller.go:173.3,174.9 2 1
github.com/iye/iye/internal/sampling/controller.go:177.2,177.43 1 1
github.com/iye/iye/internal/sampling/controller.go:177.43,185.40 3 1
github.com/iye/iye/internal/sampling/controller.go:185.40,187.4 1 1
github.com/iye/iye/internal/sampling/controller.go:188.3,190.26 3 1
github.com/iye/iye/internal/sampling/controller.go:191.8,193.3 1 1
github.com/iye/iye/internal/sampling/controller.go:196.66,197.19 1 1
github.com/iye/iye/internal/sampling/controller.go:197.19,200.3 2 1
github.com/iye/iye/internal/sampling/controller.go:202.2,202.17 1 1
github.com/iye/iye/internal/sampling/controller.go:202.17,207.3 2 1
github.com/iye/iye/internal/sampling/controller.go:209.2,209.29 1 1
github.com/iye/iye/internal/sampling/controller.go:209.29,212.3 2 1
github.com/iye/iye/internal/sampling/controller.go:215.2,216.56 2 1
github.com/iye/iye/internal/sampling/controller.go:216.56,217.39 1 1
github.com/iye/iye/internal/sampling/controller.go:217.39,218.112 1 1
github.com/iye/iye/internal/sampling/controller.go:218.112,220.5 1 1
github.com/iye/iye/internal/sampling/controller.go:224.2,225.28 2 1
github.com/iye/iye/internal/sampling/controller.go:225.28,227.3 1 1
github.com/iye/iye/internal/sampling/controller.go:229.2,230.49 2 1
github.com/iye/iye/internal/sampling/controller.go:230.49,232.3 1 0
github.com/iye/iye/internal/sampling/controller.go:235.50,236.23 1 1
github.com/iye/iye/internal/sampling/controller.go:236.23,238.3 1 1
github.com/iye/iye/internal/sampling/controller.go:240.2,244.29 4 1
github.com/iye/iye/internal/sampling/controller.go:244.29,246.3 1 1
github.com/iye/iye/internal/sampling/controller.go:248.2,248.82 1 0
github.com/iye/iye/internal/sampling/controller.go:251.54,256.2 4 1
github.com/iye/iye/internal/sampling/controller.go:258.49,263.2 4 1
github.com/iye/iye/internal/sampling/controller.go:265.63,266.18 1 1
github.com/iye/iye/internal/sampling/controller.go:266.18,268.3 1 1
github.com/iye/iye/internal/sampling/controller.go:271.2,274.26 2 1
github.com/iye/iye/internal/sampling/controller.go:277.52,281.2 3 1
github.com/iye/iye/internal/sampling/controller.go:283.38,293.2 9 1
github.com/iye/iye/internal/sampling/controller.go:295.53,296.30 1 1
github.com/iye/iye/internal/sampling/controller.go:296.30,298.3 1 1
github.com/iye/iye/internal/sampling/controller.go:299.2,300.51 2 0
github.com/iye/iye/internal/sampling/controller.go:303.51,304.30 1 1
github.com/iye/iye/internal/sampling/controller.go:304.30,306.3 1 1
github.com/iye/iye/internal/sampling/controller.go:307.2,308.52 2 0
github.com/iye/iye/internal/transport/transport.go:29.64,32.41 3 1
github.com/iye/iye/internal/transport/transport.go:32.41,34.3 1 0
github.com/iye/iye/internal/transport/transport.go:35.2,35.34 1 1
github.com/iye/iye/internal/transport/transport.go:35.34,37.3 1 0
github.com/iye/iye/internal/transport/transport.go:38.2,38.25 1 1
github.com/iye/iye/internal/transport/transport.go:41.40,41.57 1 1
github.com/iye/iye/internal/transport/transport.go:47.51,49.16 2 1
github.com/iye/iye/internal/transport/transport.go:49.16,51.3 1 0
github.com/iye/iye/internal/transport/transport.go:52.2,52.43 1 1
github.com/iye/iye/internal/transport/transport.go:55.64,57.2 1 1
github.com/iye/iye/internal/transport/transport.go:59.40,59.57 1 1
github.com/iye/iye/internal/transport/transport.go:63.64,67.2 3 1
github.com/iye/iye/internal/transport/transport.go:69.40,69.57 1 1
github.com/iye/iye/internal/transport/transport.go:109.141,111.28 2 1
github.com/iye/iye/internal/transport/transport.go:112.14,114.17 2 0
github.com/iye/iye/internal/transport/transport.go:114.17,116.4 1 0
github.com/iye/iye/internal/transport/transport.go:117.3,117.17 1 0
github.com/iye/iye/internal/transport/transport.go:118.14,119.33 1 0
github.com/iye/iye/internal/transport/transport.go:120.18,121.33 1 1
github.com/iye/iye/internal/transport/transport.go:122.10,123.76 1 1
github.com/iye/iye/internal/transport/transport.go:126.2,136.16 3 1
github.com/iye/iye/internal/transport/transport.go:136.16,138.3 1 0
github.com/iye/iye/internal/transport/transport.go:140.2,153.22 4 1
github.com/iye/iye/internal/transport/transport.go:153.22,155.3 1 0
github.com/iye/iye/internal/transport/transport.go:157.2,164.15 2 1
github.com/iye/iye/internal/transport/transport.go:167.48,169.15 2 1
github.com/iye/iye/internal/transport/transport.go:169.15,172.3 2 1
github.com/iye/iye/internal/transport/transport.go:173.2,176.15 3 1
github.com/iye/iye/internal/transport/transport.go:179.28,181.16 2 1
github.com/iye/iye/internal/transport/transport.go:181.16,184.3 2 1
github.com/iye/iye/internal/transport/transport.go:185.2,192.16 5 1
github.com/iye/iye/internal/transport/transport.go:195.46,201.6 4 1
github.com/iye/iye/internal/transport/transport.go:201.6,202.10 1 1
github.com/iye/iye/internal/transport/transport.go:203.21,205.10 2 0
github.com/iye/iye/internal/transport/transport.go:206.19,207.10 1 1
github.com/iye/iye/internal/transport/transport.go:208.19,210.24 2 1
github.com/iye/iye/internal/transport/transport.go:210.24,212.5 1 1
github.com/iye/iye/internal/transport/transport.go:217.39,221.22 4 1
github.com/iye/iye/internal/transport/transport.go:221.22,223.3 1 0
github.com/iye/iye/internal/transport/transport.go:224.2,224.6 1 1
github.com/iye/iye/internal/transport/transport.go:224.6,226.17 2 1
github.com/iye/iye/internal/transport/transport.go:226.17,229.4 2 0
github.com/iye/iye/internal/transport/transport.go:230.3,230.24 1 1
github.com/iye/iye/internal/transport/transport.go:230.24,232.4 1 1
github.com/iye/iye/internal/transport/transport.go:234.3,235.29 2 1
github.com/iye/iye/internal/transport/transport.go:235.29,243.4 1 1
github.com/iye/iye/internal/transport/transport.go:245.3,249.52 4 1
github.com/iye/iye/internal/transport/transport.go:249.52,251.4 1 0
github.com/iye/iye/internal/transport/transport.go:253.3,253.23 1 1
github.com/iye/iye/internal/transport/transport.go:253.23,255.18 2 1
github.com/iye/iye/internal/transport/transport.go:255.18,257.5 1 1
github.com/iye/iye/internal/transport/transport.go:260.3,260.33 1 1
github.com/iye/iye/internal/transport/transport.go:260.33,262.4 1 1
github.com/iye/iye/internal/transport/transport.go:266.33,268.23 2 1
github.com/iye/iye/internal/transport/transport.go:268.23,271.3 2 0
github.com/iye/iye/internal/transport/transport.go:272.2,283.16 6 1
github.com/iye/iye/internal/transport/transport.go:283.16,286.3 2 0
github.com/iye/iye/internal/transport/transport.go:288.2,289.16 2 1
github.com/iye/iye/internal/transport/transport.go:289.16,292.3 2 0
github.com/iye/iye/internal/transport/transport.go:294.2,296.52 2 1
github.com/iye/iye/internal/transport/transport.go:296.52,302.25 2 1
github.com/iye/iye/internal/transport/transport.go:302.25,306.24 2 0
github.com/iye/iye/internal/transport/transport.go:306.24,308.5 1 0
github.com/iye/iye/internal/transport/transport.go:309.9,311.4 1 1
github.com/iye/iye/internal/transport/transport.go:315.54,319.53 3 1
github.com/iye/iye/internal/transport/transport.go:319.53,320.18 1 1
github.com/iye/iye/internal/transport/transport.go:320.18,322.11 2 1
github.com/iye/iye/internal/transport/transport.go:323.31,323.31 0 0
github.com/iye/iye/internal/transport/transport.go:324.20,325.40 1 1
github.com/iye/iye/internal/transport/transport.go:329.3,330.17 2 1
github.com/iye/iye/internal/transport/transport.go:330.17,332.12 2 0
github.com/iye/iye/internal/transport/transport.go:334.3,339.17 5 1
github.com/iye/iye/internal/transport/transport.go:339.17,341.12 2 0
github.com/iye/iye/internal/transport/transport.go:343.3,346.54 3 1
github.com/iye/iye/internal/transport/transport.go:346.54,349.4 2 1
github.com/iye/iye/internal/transport/transport.go:351.3,351.55 1 1
github.com/iye/iye/internal/transport/transport.go:351.55,353.12 2 1
github.com/iye/iye/internal/transport/transport.go:356.3,356.62 1 0
github.com/iye/iye/internal/transport/transport.go:359.2,360.76 2 0
github.com/iye/iye/internal/transport/transport.go:363.58,364.28 1 1
github.com/iye/iye/internal/transport/transport.go:364.28,372.44 2 1
github.com/iye/iye/internal/transport/transport.go:372.44,374.4 1 0
github.com/iye/iye/internal/transport/transport.go:378.34,384.21 5 1
github.com/iye/iye/internal/transport/transport.go:384.21,386.3 1 1
github.com/iye/iye/internal/transport/transport.go:388.2,395.16 3 0
github.com/iye/iye/internal/transport/transport.go:395.16,398.3 2 0
github.com/iye/iye/internal/transport/transport.go:400.2,401.16 2 0
github.com/iye/iye/internal/transport/transport.go:401.16,404.3 2 0
github.com/iye/iye/internal/transport/transport.go:406.2,408.52 2 0
github.com/iye/iye/internal/transport/transport.go:408.52,414.3 2 0
github.com/iye/iye/internal/transport/transport.go:417.74,418.57 1 1
github.com/iye/iye/internal/transport/transport.go:418.57,419.32 1 1
github.com/iye/iye/internal/transport/transport.go:419.32,421.4 1 1
github.com/iye/iye/internal/transport/transport.go:422.3,422.18 1 1
github.com/iye/iye/internal/transport/transport.go:425.2,425.57 1 1
github.com/iye/iye/internal/transport/transport.go:425.57,427.3 1 1
github.com/iye/iye/internal/transport/transport.go:429.2,430.16 2 0
github.com/iye/iye/internal/transport/transport.go:430.16,432.3 1 0
github.com/iye/iye/internal/transport/transport.go:434.2,440.32 2 0
github.com/iye/iye/internal/transport/transport.go:440.32,442.17 2 0
github.com/iye/iye/internal/transport/transport.go:442.17,444.4 1 0
github.com/iye/iye/internal/transport/transport.go:445.3,445.30 1 0
github.com/iye/iye/internal/transport/transport.go:448.2,448.23 1 0
github.com/iye/iye/internal/tailer/inode_linux.go:8.40,11.2 2 1
github.com/iye/iye/internal/tailer/tailer.go:68.82,82.33 3 1
github.com/iye/iye/internal/tailer/tailer.go:82.33,84.17 2 0
github.com/iye/iye/internal/tailer/tailer.go:84.17,86.4 1 0
github.com/iye/iye/internal/tailer/tailer.go:87.3,87.22 1 0
github.com/iye/iye/internal/tailer/tailer.go:90.2,90.33 1 1
github.com/iye/iye/internal/tailer/tailer.go:90.33,92.17 2 0
github.com/iye/iye/internal/tailer/tailer.go:92.17,94.4 1 0
github.com/iye/iye/internal/tailer/tailer.go:95.3,95.22 1 0
github.com/iye/iye/internal/tailer/tailer.go:98.2,98.15 1 1
github.com/iye/iye/internal/tailer/tailer.go:101.32,102.33 1 1
github.com/iye/iye/internal/tailer/tailer.go:102.33,104.3 1 0
github.com/iye/iye/internal/tailer/tailer.go:106.2,112.16 3 1
github.com/iye/iye/internal/tailer/tailer.go:112.16,115.3 2 0
github.com/iye/iye/internal/tailer/tailer.go:117.2,117.36 1 1
github.com/iye/iye/internal/tailer/tailer.go:117.36,118.41 1 1
github.com/iye/iye/internal/tailer/tailer.go:118.41,120.4 1 0
github.com/iye/iye/internal/tailer/tailer.go:123.2,127.12 4 1
github.com/iye/iye/internal/tailer/tailer.go:130.31,131.33 1 1
github.com/iye/iye/internal/tailer/tailer.go:131.33,133.3 1 0
github.com/iye/iye/internal/tailer/tailer.go:135.2,140.29 5 1
github.com/iye/iye/internal/tailer/tailer.go:140.29,141.21 1 1
github.com/iye/iye/internal/tailer/tailer.go:141.21,143.4 1 1
github.com/iye/iye/internal/tailer/tailer.go:145.2,155.12 5 1
github.com/iye/iye/internal/tailer/tailer.go:158.50,160.2 1 1
github.com/iye/iye/internal/tailer/tailer.go:162.40,164.2 1 1
github.com/iye/iye/internal/tailer/tailer.go:166.38,168.2 1 1
github.com/iye/iye/internal/tailer/tailer.go:170.67,174.35 3 1
github.com/iye/iye/internal/tailer/tailer.go:174.35,176.17 2 1
github.com/iye/iye/internal/tailer/tailer.go:176.17,178.4 1 0
github.com/iye/iye/internal/tailer/tailer.go:180.3,180.33 1 1
github.com/iye/iye/internal/tailer/tailer.go:180.33,182.18 2 1
github.com/iye/iye/internal/tailer/tailer.go:182.18,183.13 1 0
github.com/iye/iye/internal/tailer/tailer.go:185.4,185.20 1 1
github.com/iye/iye/internal/tailer/tailer.go:185.20,186.13 1 0
github.com/iye/iye/internal/tailer/tailer.go:188.4,188.20 1 1
github.com/iye/iye/internal/tailer/tailer.go:188.20,191.5 2 1
github.com/iye/iye/internal/tailer/tailer.go:195.2,195.19 1 1
github.com/iye/iye/internal/tailer/tailer.go:198.34,204.6 4 1
github.com/iye/iye/internal/tailer/tailer.go:204.6,205.10 1 1
github.com/iye/iye/internal/tailer/tailer.go:206.23,207.10 1 1
github.com/iye/iye/internal/tailer/tailer.go:208.19,209.21 1 1
github.com/iye/iye/internal/tailer/tailer.go:214.34,216.16 2 1
github.com/iye/iye/internal/tailer/tailer.go:216.16,220.3 3 0
github.com/iye/iye/internal/tailer/tailer.go:222.2,226.29 4 1
github.com/iye/iye/internal/tailer/tailer.go:226.29,228.42 2 0
github.com/iye/iye/internal/tailer/tailer.go:228.42,229.48 1 0
github.com/iye/iye/internal/tailer/tailer.go:229.48,231.5 1 0
github.com/iye/iye/internal/tailer/tailer.go:235.2,235.32 1 1
github.com/iye/iye/internal/tailer/tailer.go:235.32,236.26 1 0
github.com/iye/iye/internal/tailer/tailer.go:236.26,238.22 2 0
github.com/iye/iye/internal/tailer/tailer.go:238.22,240.5 1 0
github.com/iye/iye/internal/tailer/tailer.go:241.4,241.25 1 0
github.com/iye/iye/internal/tailer/tailer.go:246.45,250.2 3 1
github.com/iye/iye/internal/tailer/tailer.go:252.51,254.16 2 1
github.com/iye/iye/internal/tailer/tailer.go:254.16,256.3 1 0
github.com/iye/iye/internal/tailer/tailer.go:258.2,258.18 1 1
github.com/iye/iye/internal/tailer/tailer.go:258.18,260.3 1 0
github.com/iye/iye/internal/tailer/tailer.go:262.2,265.29 3 1
github.com/iye/iye/internal/tailer/tailer.go:265.29,267.3 1 0
github.com/iye/iye/internal/tailer/tailer.go:269.2,270.16 2 1
github.com/iye/iye/internal/tailer/tailer.go:270.16,272.3 1 0
github.com/iye/iye/internal/tailer/tailer.go:274.2,274.59 1 1
github.com/iye/iye/internal/tailer/tailer.go:274.59,277.3 2 0
github.com/iye/iye/internal/tailer/tailer.go:279.2,299.12 6 1
github.com/iye/iye/internal/tailer/tailer.go:302.29,310.6 5 1
github.com/iye/iye/internal/tailer/tailer.go:310.6,311.10 1 1
github.com/iye/iye/internal/tailer/tailer.go:312.23,313.10 1 1
github.com/iye/iye/internal/tailer/tailer.go:314.19,315.23 1 1
github.com/iye/iye/internal/tailer/tailer.go:320.43,323.29 3 1
github.com/iye/iye/internal/tailer/tailer.go:323.29,325.3 1 1
github.com/iye/iye/internal/tailer/tailer.go:326.2,328.27 2 1
github.com/iye/iye/internal/tailer/tailer.go:328.27,330.3 1 1
github.com/iye/iye/internal/tailer/tailer.go:333.59,337.20 3 1
github.com/iye/iye/internal/tailer/tailer.go:337.20,339.3 1 0
github.com/iye/iye/internal/tailer/tailer.go:341.2,342.16 2 1
github.com/iye/iye/internal/tailer/tailer.go:342.16,346.3 3 0
github.com/iye/iye/internal/tailer/tailer.go:348.2,349.30 2 1
github.com/iye/iye/internal/tailer/tailer.go:349.30,353.3 3 1
github.com/iye/iye/internal/tailer/tailer.go:355.2,356.38 2 1
github.com/iye/iye/internal/tailer/tailer.go:356.38,359.58 3 0
github.com/iye/iye/internal/tailer/tailer.go:359.58,363.4 3 0
github.com/iye/iye/internal/tailer/tailer.go:364.3,364.27 1 0
github.com/iye/iye/internal/tailer/tailer.go:367.2,367.6 1 1
github.com/iye/iye/internal/tailer/tailer.go:367.6,369.17 2 1
github.com/iye/iye/internal/tailer/tailer.go:369.17,370.21 1 1
github.com/iye/iye/internal/tailer/tailer.go:370.21,371.10 1 1
github.com/iye/iye/internal/tailer/tailer.go:373.4,373.34 1 0
github.com/iye/iye/internal/tailer/tailer.go:373.34,382.5 5 0
github.com/iye/iye/internal/tailer/tailer.go:382.10,385.10 3 0
github.com/iye/iye/internal/tailer/tailer.go:389.3,389.49 1 1
github.com/iye/iye/internal/tailer/tailer.go:389.49,391.4 1 1
github.com/iye/iye/internal/tailer/tailer.go:392.3,392.49 1 1
github.com/iye/iye/internal/tailer/tailer.go:392.49,394.4 1 0
github.com/iye/iye/internal/tailer/tailer.go:396.3,396.21 1 1
github.com/iye/iye/internal/tailer/tailer.go:396.21,397.12 1 0
github.com/iye/iye/internal/tailer/tailer.go:400.3,400.41 1 1
github.com/iye/iye/internal/tailer/tailer.go:400.41,401.12 1 0
github.com/iye/iye/internal/tailer/tailer.go:404.3,416.10 4 1
github.com/iye/iye/internal/tailer/tailer.go:417.28,419.44 2 1
github.com/iye/iye/internal/tailer/tailer.go:420.23,421.10 1 0
github.com/iye/iye/internal/tailer/tailer.go:422.11,424.24 2 0
github.com/iye/iye/internal/tailer/tailer.go:429.54,430.64 1 1
github.com/iye/iye/internal/tailer/tailer.go:430.64,432.3 1 0
github.com/iye/iye/internal/tailer/tailer.go:433.2,433.63 1 1
github.com/iye/iye/internal/tailer/tailer.go:433.63,435.3 1 0
github.com/iye/iye/internal/tailer/tailer.go:436.2,436.13 1 1
github.com/iye/iye/internal/tailer/tailer.go:439.68,446.16 5 1
github.com/iye/iye/internal/tailer/tailer.go:446.16,449.21 3 0
github.com/iye/iye/internal/tailer/tailer.go:449.21,451.4 1 0
github.com/iye/iye/internal/tailer/tailer.go:452.3,452.9 1 0
github.com/iye/iye/internal/tailer/tailer.go:455.2,455.57 1 1
github.com/iye/iye/internal/tailer/tailer.go:455.57,460.3 4 0
github.com/iye/iye/internal/tailer/tailer.go:462.2,469.20 7 1
github.com/iye/iye/internal/tailer/tailer.go:469.20,471.3 1 1
github.com/iye/iye/internal/tailer/tailer.go:473.2,473.100 1 1
github.com/iye/iye/internal/tailer/tailer.go:476.51,481.29 4 1
github.com/iye/iye/internal/tailer/tailer.go:481.29,485.3 3 1
github.com/iye/iye/internal/tailer/tailer.go:486.2,486.18 1 1
github.com/iye/iye/internal/tailer/tailer.go:489.63,494.13 4 1
github.com/iye/iye/internal/tailer/tailer.go:494.13,496.3 1 1
github.com/iye/iye/internal/tailer/tailer.go:498.2,501.20 3 0
github.com/iye/iye/internal/tailer/tailer.go:501.20,503.3 1 0
github.com/iye/iye/internal/tailer/tailer.go:505.2,505.62 1 0
github.com/iye/iye/internal/tailer/tailer.go:505.62,507.3 1 0
github.com/iye/iye/internal/tailer/tailer.go:509.2,511.12 3 0
